<?xml version="1.0" encoding="UTF-8"?>
<coverage generated="1650973197628" clover="3.2.0">
  <project timestamp="1650973197628" name="All files">
    <metrics statements="9" coveredstatements="9" conditionals="0" coveredconditionals="0" methods="4" coveredmethods="4" elements="13" coveredelements="13" complexity="0" loc="9" ncloc="9" packages="1" files="2" classes="2"/>
    <file name="bankAccount.js" path="/Users/chrislovell/Desktop/Projects/Bank-tech-test/bankAccount.js">
      <metrics statements="4" coveredstatements="4" conditionals="0" coveredconditionals="0" methods="2" coveredmethods="2"/>
      <line num="1" count="1" type="stmt"/>
      <line num="5" count="3" type="stmt"/>
      <line num="9" count="3" type="stmt"/>
      <line num="13" count="1" type="stmt"/>
    </file>
    <file name="transaction.js" path="/Users/chrislovell/Desktop/Projects/Bank-tech-test/transaction.js">
      <metrics statements="5" coveredstatements="5" conditionals="0" coveredconditionals="0" methods="2" coveredmethods="2"/>
      <line num="3" count="8" type="stmt"/>
      <line num="4" count="8" type="stmt"/>
      <line num="5" count="8" type="stmt"/>
      <line num="9" count="1" type="stmt"/>
      <line num="13" count="2" type="stmt"/>
    </file>
  </project>
</coverage>
